<?xml version="1.0" encoding="UTF-8"?>
<!-- Generated by org.testng.reporters.JUnitReportReporter -->
<testsuite hostname="vivek" failures="0" tests="1" name="basics.AppiumBasics" time="5.541" errors="0" timestamp="2024-05-16T14:42:38 IST" skipped="0">
  <testcase classname="basics.AppiumBasics" name="swipeTONext" time="5.541"/>
</testsuite> <!-- basics.AppiumBasics -->
