<?xml version="1.0" encoding="UTF-8"?>
<!-- Generated by org.testng.reporters.JUnitReportReporter -->
<testsuite hostname="vivek" failures="0" tests="2" name="practiceAPK.ProductPageTest" time="55.626" errors="0" timestamp="2024-06-12T08:36:42 IST" skipped="0">
  <testcase classname="practiceAPK.ProductPageTest" name="addTOCart" time="27.435"/>
  <testcase classname="practiceAPK.ProductPageTest" name="addTOCart" time="28.191"/>
</testsuite> <!-- practiceAPK.ProductPageTest -->
