<?xml version="1.0" encoding="UTF-8"?>
<!-- Generated by org.testng.reporters.JUnitReportReporter -->
<testsuite hostname="vivek" failures="0" tests="1" name="practiceAPK.TestCases" time="36.297" errors="0" timestamp="2024-06-05T11:05:29 IST" skipped="0">
  <testcase classname="practiceAPK.TestCases" name="addTOCart" time="36.297"/>
</testsuite> <!-- practiceAPK.TestCases -->
