<?xml version="1.0" encoding="UTF-8"?>
<!-- Generated by org.testng.reporters.JUnitReportReporter -->
<testsuite hostname="vivek" failures="0" tests="2" name="practiceAPK.ProductPageTest" time="81.338" errors="0" timestamp="2024-07-02T07:56:59 IST" skipped="0">
  <testcase classname="practiceAPK.ProductPageTest" name="addTOCart" time="40.474"/>
  <testcase classname="practiceAPK.ProductPageTest" name="addTOCart" time="40.864"/>
</testsuite> <!-- practiceAPK.ProductPageTest -->
