<?xml version="1.0" encoding="UTF-8"?>
<!-- Generated by org.testng.reporters.JUnitReportReporter -->
<testsuite hostname="vivek" failures="0" tests="1" name="practiceAPK.TestCases" time="19.785" errors="0" timestamp="2024-06-10T11:22:06 IST" skipped="0">
  <testcase classname="practiceAPK.TestCases" name="verifyheaders" time="19.785"/>
</testsuite> <!-- practiceAPK.TestCases -->
