<?xml version="1.0" encoding="UTF-8"?>
<!-- Generated by org.testng.reporters.JUnitReportReporter -->
<testsuite hostname="vivek" failures="0" tests="2" name="practiceAPK.homePageTest" time="64.727" errors="0" timestamp="2024-06-12T08:36:42 IST" skipped="0">
  <testcase classname="practiceAPK.homePageTest" name="verifyheaders" time="38.860"/>
  <testcase classname="practiceAPK.homePageTest" name="validateFormFill" time="25.867"/>
</testsuite> <!-- practiceAPK.homePageTest -->
