<?xml version="1.0" encoding="UTF-8"?>
<!-- Generated by org.testng.reporters.JUnitReportReporter -->
<testsuite hostname="vivek" failures="0" tests="5" name="practiceAPK.ProductPageTest" time="200.532" errors="0" timestamp="2024-06-11T23:04:35 IST" skipped="0">
  <testcase classname="practiceAPK.ProductPageTest" name="addTOCart" time="38.087"/>
  <testcase classname="practiceAPK.ProductPageTest" name="addTOCarts" time="40.577"/>
  <testcase classname="practiceAPK.ProductPageTest" name="addTOCart" time="40.233"/>
  <testcase classname="practiceAPK.ProductPageTest" name="addTOCarts" time="39.149"/>
  <testcase classname="practiceAPK.ProductPageTest" name="addTOCarts" time="42.486"/>
</testsuite> <!-- practiceAPK.ProductPageTest -->
