<?xml version="1.0" encoding="UTF-8"?>
<!-- Generated by org.testng.reporters.JUnitReportReporter -->
<testsuite hostname="vivek" failures="0" tests="1" name="basics.AppiumBasics" time="27.629" errors="0" timestamp="2024-05-06T17:04:29 IST" skipped="0">
  <testcase classname="basics.AppiumBasics" name="runAppium" time="27.629"/>
</testsuite> <!-- basics.AppiumBasics -->
