<?xml version="1.0" encoding="UTF-8"?>
<!-- Generated by org.testng.reporters.JUnitReportReporter -->
<testsuite hostname="vivek" failures="0" tests="1" name="practiceAPK.TestCases" time="4.362" errors="0" timestamp="2024-06-04T08:04:46 IST" skipped="0">
  <testcase classname="practiceAPK.TestCases" name="openApplication" time="4.362"/>
</testsuite> <!-- practiceAPK.TestCases -->
