<?xml version="1.0" encoding="UTF-8"?>
<!-- Generated by org.testng.reporters.JUnitReportReporter -->
<testsuite hostname="vivek" failures="0" tests="1" name="basics.AppiumBasics" time="2.892" errors="0" timestamp="2024-06-04T07:25:28 IST" skipped="0">
  <testcase classname="basics.AppiumBasics" name="appPackageAndActivity" time="2.892"/>
</testsuite> <!-- basics.AppiumBasics -->
