<?xml version="1.0" encoding="UTF-8"?>
<!-- Generated by org.testng.reporters.JUnitReportReporter -->
<testsuite hostname="vivek" failures="0" tests="3" name="practiceAPK.ProductPageTest" time="87.052" errors="0" timestamp="2024-06-10T10:48:58 IST" skipped="0">
  <testcase classname="practiceAPK.ProductPageTest" name="addTOCarts" time="24.031"/>
  <testcase classname="practiceAPK.ProductPageTest" name="addTOCarts" time="34.647"/>
  <testcase classname="practiceAPK.ProductPageTest" name="addTOCarts" time="28.374"/>
</testsuite> <!-- practiceAPK.ProductPageTest -->
